<?xml version="1.0" encoding="UTF-8"?>
<!-- Generated by org.testng.reporters.JUnitReportReporter -->
<testsuite skipped="0" hostname="AG300617-9" name="Testcase.sample" tests="1" failures="0" timestamp="19 Sep 2017 12:03:44 GMT" time="8.110" errors="0">
  <testcase name="freee" time="8.110" classname="Testcase.sample"/>
</testsuite> <!-- Testcase.sample -->
